{"uid":"5aeaf06c02a6cb1e","name":"Test The Popup Video","fullName":"BFL Personal Loans: Test The Popup Video","historyId":"bc350849d8994e391db01ef7229ead04","time":{"start":1758256219018,"stop":1758256319598,"duration":100580},"status":"failed","statusMessage":"AssertionError: Some functions failed:\nError: Element not found while executing 'Speed': Message: \n\n","statusTrace":"  File \"C:\\Users\\kp\\AppData\\Local\\Packages\\PythonSoftwareFoundation.Python.3.13_qbz5n2kfra8p0\\LocalCache\\local-packages\\Python313\\site-packages\\behave\\model.py\", line 1329, in run\n    match.run(runner.context)\n    ~~~~~~~~~^^^^^^^^^^^^^^^^\n  File \"C:\\Users\\kp\\AppData\\Local\\Packages\\PythonSoftwareFoundation.Python.3.13_qbz5n2kfra8p0\\LocalCache\\local-packages\\Python313\\site-packages\\behave\\matchers.py\", line 98, in run\n    self.func(context, *args, **kwargs)\n    ~~~~~~~~~^^^^^^^^^^^^^^^^^^^^^^^^^^\n  File \"features\\steps\\BFLPersonalLoansSteps.py\", line 71, in verify_player_functions\n    handler.process_results(results, failures)\n    ~~~~~~~~~~~~~~~~~~~~~~~^^^^^^^^^^^^^^^^^^^\n  File \"C:\\Users\\kp\\Documents\\Python-Selenium-BDD\\features\\steps\\PlayerFunctionHandler.py\", line 119, in process_results\n    assert False, f\"Some functions failed:\\n{failure_message}\"\n           ^^^^^\n","flaky":false,"newFailed":false,"newBroken":false,"newPassed":false,"retriesCount":0,"retriesStatusChange":false,"beforeStages":[],"testStage":{"status":"failed","statusMessage":"AssertionError: Some functions failed:\nError: Element not found while executing 'Speed': Message: \n\n","statusTrace":"  File \"C:\\Users\\kp\\AppData\\Local\\Packages\\PythonSoftwareFoundation.Python.3.13_qbz5n2kfra8p0\\LocalCache\\local-packages\\Python313\\site-packages\\behave\\model.py\", line 1329, in run\n    match.run(runner.context)\n    ~~~~~~~~~^^^^^^^^^^^^^^^^\n  File \"C:\\Users\\kp\\AppData\\Local\\Packages\\PythonSoftwareFoundation.Python.3.13_qbz5n2kfra8p0\\LocalCache\\local-packages\\Python313\\site-packages\\behave\\matchers.py\", line 98, in run\n    self.func(context, *args, **kwargs)\n    ~~~~~~~~~^^^^^^^^^^^^^^^^^^^^^^^^^^\n  File \"features\\steps\\BFLPersonalLoansSteps.py\", line 71, in verify_player_functions\n    handler.process_results(results, failures)\n    ~~~~~~~~~~~~~~~~~~~~~~~^^^^^^^^^^^^^^^^^^^\n  File \"C:\\Users\\kp\\Documents\\Python-Selenium-BDD\\features\\steps\\PlayerFunctionHandler.py\", line 119, in process_results\n    assert False, f\"Some functions failed:\\n{failure_message}\"\n           ^^^^^\n","steps":[{"name":"Given user goes to \"personal-loan\" page of \"BFLHome\" website","time":{"start":1758256221572,"stop":1758256225645,"duration":4073},"status":"passed","steps":[],"attachments":[],"parameters":[],"stepsCount":0,"attachmentStep":false,"hasContent":false,"attachmentsCount":0,"shouldDisplayMessage":false},{"name":"When user plays the popup video on the page personal loans","time":{"start":1758256225645,"stop":1758256245018,"duration":19373},"status":"passed","steps":[],"attachments":[],"parameters":[],"stepsCount":0,"attachmentStep":false,"hasContent":false,"attachmentsCount":0,"shouldDisplayMessage":false},{"name":"And user waits for personal loan popup to close","time":{"start":1758256245018,"stop":1758256247023,"duration":2005},"status":"passed","steps":[],"attachments":[],"parameters":[],"stepsCount":0,"attachmentStep":false,"hasContent":false,"attachmentsCount":0,"shouldDisplayMessage":false},{"name":"Then user verifies BFLPersonalLoans Popup player functions Play,Speed,Mute,Quality,Fullscreen,SeekToEnd,Replay,Forward,Rewind","time":{"start":1758256247024,"stop":1758256316154,"duration":69130},"status":"failed","statusMessage":"AssertionError: Some functions failed:\nError: Element not found while executing 'Speed': Message: \n\n","statusTrace":"  File \"C:\\Users\\kp\\AppData\\Local\\Packages\\PythonSoftwareFoundation.Python.3.13_qbz5n2kfra8p0\\LocalCache\\local-packages\\Python313\\site-packages\\behave\\model.py\", line 1329, in run\n    match.run(runner.context)\n    ~~~~~~~~~^^^^^^^^^^^^^^^^\n  File \"C:\\Users\\kp\\AppData\\Local\\Packages\\PythonSoftwareFoundation.Python.3.13_qbz5n2kfra8p0\\LocalCache\\local-packages\\Python313\\site-packages\\behave\\matchers.py\", line 98, in run\n    self.func(context, *args, **kwargs)\n    ~~~~~~~~~^^^^^^^^^^^^^^^^^^^^^^^^^^\n  File \"features\\steps\\BFLPersonalLoansSteps.py\", line 71, in verify_player_functions\n    handler.process_results(results, failures)\n    ~~~~~~~~~~~~~~~~~~~~~~~^^^^^^^^^^^^^^^^^^^\n  File \"C:\\Users\\kp\\Documents\\Python-Selenium-BDD\\features\\steps\\PlayerFunctionHandler.py\", line 119, in process_results\n    assert False, f\"Some functions failed:\\n{failure_message}\"\n           ^^^^^\n","steps":[],"attachments":[{"uid":"539f5012421e07a1","name":"Speed_failed","source":"539f5012421e07a1.png","type":"image/png","size":124415},{"uid":"96207bd8ab286c39","name":"screenshot","source":"96207bd8ab286c39.png","type":"image/png","size":528724}],"parameters":[],"stepsCount":0,"attachmentStep":false,"hasContent":true,"attachmentsCount":2,"shouldDisplayMessage":true}],"attachments":[],"parameters":[],"stepsCount":4,"attachmentStep":false,"hasContent":true,"attachmentsCount":2,"shouldDisplayMessage":false},"afterStages":[],"labels":[{"name":"severity","value":"normal"},{"name":"tag","value":"bfl"},{"name":"tag","value":"bfl_personal_loans"},{"name":"feature","value":"BFL Personal Loans"},{"name":"framework","value":"behave"},{"name":"language","value":"cpython3"},{"name":"resultFormat","value":"allure2"}],"parameters":[],"links":[],"hidden":false,"retry":false,"extra":{"severity":"normal","retries":[],"categories":[{"name":"Product defects","matchedStatuses":[],"flaky":false}],"tags":["bfl_personal_loans","bfl"]},"source":"5aeaf06c02a6cb1e.json","parameterValues":[]}